
[1;33m════════════════════════════════════════════════════════════[0m
[1;33m  SAFvsOil 夜间自动开发循环[0m
[1;33m  驱动: OpenCode Go kimi-k2.6[0m
[1;33m  开始: 2026-04-23 01:00:43[0m
[1;33m════════════════════════════════════════════════════════════[0m

[1;34m[01:00:43][0m 任务队列: 6 个任务
[1;34m[01:00:43][0m 模型: opencode-go/kimi-k2.6
[1;34m[01:00:43][0m 日志: /Users/yumei/SAFvsOil/.automation/nightly-run/logs/nightly-report-20260423-010043.md

[1;34m[01:00:43][0m 
[1;34m[01:00:43][0m ════════════════════════════════════════════════════════════
[1;34m[01:00:43][0m 开始任务: task_01_openapi
[1;34m[01:00:43][0m ════════════════════════════════════════════════════════════
[1;34m[01:00:43][0m 尝试 1/3
[1;34m[01:00:43][0m [task_01_openapi] Starting OpenCode Go kimi-k2.6...
[0;31m[01:00:43] ✗[0m [task_01_openapi] OpenCode Go timed out or failed (rc=0)
[0;31m[01:00:43] ✗[0m [task_01_openapi] OpenCode Go failed on attempt 1
[1;34m[01:00:43][0m 尝试 2/3
[1;34m[01:00:43][0m [task_01_openapi] Starting OpenCode Go kimi-k2.6...
[0;31m[01:00:43] ✗[0m [task_01_openapi] OpenCode Go timed out or failed (rc=0)
[0;31m[01:00:43] ✗[0m [task_01_openapi] OpenCode Go failed on attempt 2
[1;34m[01:00:43][0m 尝试 3/3
[1;34m[01:00:43][0m [task_01_openapi] Starting OpenCode Go kimi-k2.6...
[0;31m[01:00:43] ✗[0m [task_01_openapi] OpenCode Go timed out or failed (rc=0)
[0;31m[01:00:43] ✗[0m [task_01_openapi] OpenCode Go failed on attempt 3
[0;31m[01:00:43] ✗[0m [task_01_openapi] All 3 attempts failed
Removing .automation/nightly-run/TASK_MANIFEST.md
Removing .automation/nightly-run/extract_and_apply.py
Removing .automation/nightly-run/nightly-dev-loop.sh
Removing .automation/nightly-run/nightly.pid
Removing .automation/nightly-run/outputs/
Removing .automation/nightly-run/prompts/
Removing .automation/nightly-run/start-nightly.sh
Removing .automation/nightly-run/state.json
[1;33m[01:00:43] ⚠[0m [task_01_openapi] Rolled back changes
Traceback (most recent call last):
  File "<string>", line 3, in <module>
    s = json.load(open('/Users/yumei/SAFvsOil/.automation/nightly-run/state.json'))
                  ~~~~^^^^^^^^^^^^^^^^^^^^^^^^^^^^^^^^^^^^^^^^^^^^^^^^^^^^^^^^^^^^
FileNotFoundError: [Errno 2] No such file or directory: '/Users/yumei/SAFvsOil/.automation/nightly-run/state.json'
Traceback (most recent call last):
  File "<string>", line 3, in <module>
    s = json.load(open('/Users/yumei/SAFvsOil/.automation/nightly-run/state.json'))
                  ~~~~^^^^^^^^^^^^^^^^^^^^^^^^^^^^^^^^^^^^^^^^^^^^^^^^^^^^^^^^^^^^
FileNotFoundError: [Errno 2] No such file or directory: '/Users/yumei/SAFvsOil/.automation/nightly-run/state.json'
